<?xml version="1.0" encoding="UTF-8"?>
<!-- Generated by org.testng.reporters.JUnitXMLReporter -->
<testsuite ignored="3" hostname="CHN-REG-338651" failures="0" tests="1" name="Default test" time="0.042" errors="0" timestamp="2023-07-28T15:59:08 IST">
  <testcase classname="com.ust.Testcases.Sampletest" name="Testcase3" time="0.007"/>
  <testcase classname="com.ust.Testcases.Sampletest" name="Testcase1" time="0.0">
    <ignored/>
  </testcase> <!-- Testcase1 -->
  <testcase classname="com.ust.Testcases.Sampletest" name="Testcase2" time="0.0">
    <ignored/>
  </testcase> <!-- Testcase2 -->
  <testcase classname="com.ust.Testcases.Sampletest" name="Testcase4" time="0.0">
    <ignored/>
  </testcase> <!-- Testcase4 -->
</testsuite> <!-- Default test -->
