<?xml version="1.0" encoding="UTF-8"?>
<!-- Generated by org.testng.reporters.JUnitXMLReporter -->
<testsuite ignored="0" hostname="CHN-REG-338651" failures="0" tests="8" name="Test" time="0.075" errors="0" timestamp="2023-07-28T16:08:12 IST">
  <testcase classname="com.ust.Testcases.Sampletest" name="Testcase1" time="0.008"/>
  <testcase classname="com.ust.Testcases.Sampletest" name="Testcase3" time="0.001"/>
  <testcase classname="com.ust.Testcases.Sampletest" name="Testcase4" time="0.001"/>
  <testcase classname="com.ust.Testcases.Sampletest" name="Testcase2" time="0.001"/>
  <testcase classname="com.ust.Testcases.Sampletest2" name="Testcase1" time="0.008"/>
  <testcase classname="com.ust.Testcases.Sampletest2" name="Testcase2" time="0.002"/>
  <testcase classname="com.ust.Testcases.Sampletest2" name="Testcase3" time="0.001"/>
  <testcase classname="com.ust.Testcases.Sampletest2" name="Testcase4" time="0.001"/>
</testsuite> <!-- Test -->
