<?xml version="1.0" encoding="UTF-8"?>
<testng-results ignored="0" total="8" passed="8" failed="0" skipped="0">
  <reporter-output>
  </reporter-output>
  <suite started-at="2023-07-28T16:08:12 IST" name="Suite" finished-at="2023-07-28T16:08:12 IST" duration-ms="75">
    <groups>
      <group name="valid">
        <method signature="Sampletest2.Testcase1()[pri:0, instance:com.ust.Testcases.Sampletest2@71809907]" name="Testcase1" class="com.ust.Testcases.Sampletest2"/>
        <method signature="Sampletest2.Testcase2()[pri:0, instance:com.ust.Testcases.Sampletest2@71809907]" name="Testcase2" class="com.ust.Testcases.Sampletest2"/>
        <method signature="Sampletest2.Testcase4()[pri:0, instance:com.ust.Testcases.Sampletest2@71809907]" name="Testcase4" class="com.ust.Testcases.Sampletest2"/>
      </group> <!-- valid -->
      <group name="invalid">
        <method signature="Sampletest2.Testcase3()[pri:0, instance:com.ust.Testcases.Sampletest2@71809907]" name="Testcase3" class="com.ust.Testcases.Sampletest2"/>
        <method signature="Sampletest2.Testcase4()[pri:0, instance:com.ust.Testcases.Sampletest2@71809907]" name="Testcase4" class="com.ust.Testcases.Sampletest2"/>
      </group> <!-- invalid -->
    </groups>
    <test started-at="2023-07-28T16:08:12 IST" name="Test" finished-at="2023-07-28T16:08:12 IST" duration-ms="75">
      <class name="com.ust.Testcases.Sampletest">
        <test-method is-config="true" signature="beforeTest()[pri:0, instance:com.ust.Testcases.Sampletest@1a451d4d]" started-at="2023-07-28T16:08:12 IST" name="beforeTest" finished-at="2023-07-28T16:08:12 IST" duration-ms="6" status="PASS">
          <reporter-output>
          </reporter-output>
        </test-method> <!-- beforeTest -->
        <test-method signature="Testcase1()[pri:0, instance:com.ust.Testcases.Sampletest@1a451d4d]" started-at="2023-07-28T16:08:12 IST" name="Testcase1" finished-at="2023-07-28T16:08:12 IST" duration-ms="8" status="PASS">
          <reporter-output>
          </reporter-output>
        </test-method> <!-- Testcase1 -->
        <test-method signature="Testcase3()[pri:0, instance:com.ust.Testcases.Sampletest@1a451d4d]" started-at="2023-07-28T16:08:12 IST" name="Testcase3" finished-at="2023-07-28T16:08:12 IST" duration-ms="1" status="PASS">
          <reporter-output>
          </reporter-output>
        </test-method> <!-- Testcase3 -->
        <test-method signature="Testcase4()[pri:0, instance:com.ust.Testcases.Sampletest@1a451d4d]" started-at="2023-07-28T16:08:12 IST" name="Testcase4" finished-at="2023-07-28T16:08:12 IST" duration-ms="1" status="PASS">
          <reporter-output>
          </reporter-output>
        </test-method> <!-- Testcase4 -->
        <test-method signature="Testcase2()[pri:0, instance:com.ust.Testcases.Sampletest@1a451d4d]" started-at="2023-07-28T16:08:12 IST" name="Testcase2" finished-at="2023-07-28T16:08:12 IST" depends-on-methods="com.ust.Testcases.Sampletest.Testcase1" duration-ms="1" status="PASS">
          <reporter-output>
          </reporter-output>
        </test-method> <!-- Testcase2 -->
      </class> <!-- com.ust.Testcases.Sampletest -->
      <class name="com.ust.Testcases.Sampletest2">
        <test-method is-config="true" signature="beforeTest()[pri:0, instance:com.ust.Testcases.Sampletest2@71809907]" started-at="2023-07-28T16:08:12 IST" name="beforeTest" finished-at="2023-07-28T16:08:12 IST" duration-ms="1" status="PASS">
          <reporter-output>
          </reporter-output>
        </test-method> <!-- beforeTest -->
        <test-method signature="Testcase1()[pri:0, instance:com.ust.Testcases.Sampletest2@71809907]" started-at="2023-07-28T16:08:12 IST" name="Testcase1" finished-at="2023-07-28T16:08:12 IST" duration-ms="8" status="PASS">
          <reporter-output>
          </reporter-output>
        </test-method> <!-- Testcase1 -->
        <test-method signature="Testcase2()[pri:0, instance:com.ust.Testcases.Sampletest2@71809907]" started-at="2023-07-28T16:08:12 IST" name="Testcase2" finished-at="2023-07-28T16:08:12 IST" duration-ms="2" status="PASS">
          <reporter-output>
          </reporter-output>
        </test-method> <!-- Testcase2 -->
        <test-method signature="Testcase3()[pri:0, instance:com.ust.Testcases.Sampletest2@71809907]" started-at="2023-07-28T16:08:12 IST" name="Testcase3" finished-at="2023-07-28T16:08:12 IST" duration-ms="1" status="PASS">
          <reporter-output>
          </reporter-output>
        </test-method> <!-- Testcase3 -->
        <test-method signature="Testcase4()[pri:0, instance:com.ust.Testcases.Sampletest2@71809907]" started-at="2023-07-28T16:08:12 IST" name="Testcase4" finished-at="2023-07-28T16:08:12 IST" duration-ms="1" status="PASS">
          <reporter-output>
          </reporter-output>
        </test-method> <!-- Testcase4 -->
      </class> <!-- com.ust.Testcases.Sampletest2 -->
    </test> <!-- Test -->
  </suite> <!-- Suite -->
</testng-results>
